<?xml version="1.0" encoding="UTF-8"?>
<robot generator="Robot 4.0 (Python 3.9.2 on win32)" generated="20210326 21:47:55.688" rpa="false" schemaversion="2">
<suite id="s1" name="Tests" source="C:\Users\issam\Desktop\robot framework\facebookRegistration\Tests">
<suite id="s1-s1" name="Main" source="C:\Users\issam\Desktop\robot framework\facebookRegistration\Tests\main.robot">
<kw name="Begin web test" library="common" type="SETUP">
<kw name="Open Browser" library="SeleniumLibrary">
<arg>about:blank</arg>
<arg>browser=${BROWSER}</arg>
<doc>Opens a new browser instance to the optional ``url``.</doc>
<msg timestamp="20210326 21:47:56.070" level="INFO">Opening browser 'chrome' to base url 'about:blank'.</msg>
<status status="PASS" starttime="20210326 21:47:56.070" endtime="20210326 21:47:57.812"/>
</kw>
<kw name="Maximize Browser Window" library="SeleniumLibrary">
<doc>Maximizes current browser window.</doc>
<status status="PASS" starttime="20210326 21:47:57.812" endtime="20210326 21:47:57.953"/>
</kw>
<status status="PASS" starttime="20210326 21:47:56.070" endtime="20210326 21:47:57.954"/>
</kw>
<test id="s1-s1-t1" name="Main Test">
<kw name="Register user facebook">
<kw name="Add user information facebook" library="SignUpFacebook">
<kw name="Go To" library="SeleniumLibrary">
<arg>${URL FACEBOOK REGISTRATION}</arg>
<doc>Navigates the current browser window to the provided ``url``.</doc>
<msg timestamp="20210326 21:47:57.961" level="INFO">Opening url 'https://www.facebook.com/r.php?next=https%3A%2F%2Fwww.facebook.com%2Fpages%2Fcreate%2F%3Fref_type%3Dregistration_form&amp;locale=en_GB&amp;display=page'</msg>
<status status="PASS" starttime="20210326 21:47:57.960" endtime="20210326 21:48:00.575"/>
</kw>
<kw name="Wait Until Page Contains" library="SeleniumLibrary">
<arg>Create a new account</arg>
<doc>Waits until ``text`` appears on the current page.</doc>
<status status="PASS" starttime="20210326 21:48:00.576" endtime="20210326 21:48:00.599"/>
</kw>
<kw name="Clear Element Text" library="SeleniumLibrary">
<arg>name=firstname</arg>
<doc>Clears the value of the text-input-element identified by ``locator``.</doc>
<status status="PASS" starttime="20210326 21:48:00.599" endtime="20210326 21:48:00.663"/>
</kw>
<kw name="Input Text" library="SeleniumLibrary">
<arg>name=firstname</arg>
<arg>issam</arg>
<doc>Types the given ``text`` into the text field identified by ``locator``.</doc>
<msg timestamp="20210326 21:48:00.664" level="INFO">Typing text 'issam' into text field 'name=firstname'.</msg>
<status status="PASS" starttime="20210326 21:48:00.664" endtime="20210326 21:48:00.837"/>
</kw>
<kw name="Clear Element Text" library="SeleniumLibrary">
<arg>name=lastname</arg>
<doc>Clears the value of the text-input-element identified by ``locator``.</doc>
<status status="PASS" starttime="20210326 21:48:00.837" endtime="20210326 21:48:00.889"/>
</kw>
<kw name="Input Text" library="SeleniumLibrary">
<arg>name=lastname</arg>
<arg>ben karoum</arg>
<doc>Types the given ``text`` into the text field identified by ``locator``.</doc>
<msg timestamp="20210326 21:48:00.889" level="INFO">Typing text 'ben karoum' into text field 'name=lastname'.</msg>
<status status="PASS" starttime="20210326 21:48:00.889" endtime="20210326 21:48:01.040"/>
</kw>
<kw name="Clear Element Text" library="SeleniumLibrary">
<arg>name=reg_email__</arg>
<doc>Clears the value of the text-input-element identified by ``locator``.</doc>
<status status="PASS" starttime="20210326 21:48:01.041" endtime="20210326 21:48:01.091"/>
</kw>
<kw name="Input Text" library="SeleniumLibrary">
<arg>name=reg_email__</arg>
<arg>212212121</arg>
<doc>Types the given ``text`` into the text field identified by ``locator``.</doc>
<msg timestamp="20210326 21:48:01.092" level="INFO">Typing text '212212121' into text field 'name=reg_email__'.</msg>
<status status="PASS" starttime="20210326 21:48:01.091" endtime="20210326 21:48:01.272"/>
</kw>
<kw name="Clear Element Text" library="SeleniumLibrary">
<arg>name=reg_passwd__</arg>
<doc>Clears the value of the text-input-element identified by ``locator``.</doc>
<status status="PASS" starttime="20210326 21:48:01.272" endtime="20210326 21:48:01.324"/>
</kw>
<kw name="Input Text" library="SeleniumLibrary">
<arg>name=reg_passwd__</arg>
<arg>12345678</arg>
<doc>Types the given ``text`` into the text field identified by ``locator``.</doc>
<msg timestamp="20210326 21:48:01.324" level="INFO">Typing text '12345678' into text field 'name=reg_passwd__'.</msg>
<status status="PASS" starttime="20210326 21:48:01.324" endtime="20210326 21:48:01.488"/>
</kw>
<status status="PASS" starttime="20210326 21:47:57.959" endtime="20210326 21:48:01.488"/>
</kw>
<kw name="Date of birth" library="SignUpFacebook">
<kw name="Select From List By Value" library="SeleniumLibrary">
<arg>name=birthday_day</arg>
<arg>24</arg>
<doc>Selects options from selection list ``locator`` by ``values``.</doc>
<msg timestamp="20210326 21:48:01.490" level="INFO">Selecting options from selection list 'name=birthday_day' by value 24.</msg>
<status status="PASS" starttime="20210326 21:48:01.490" endtime="20210326 21:48:01.802"/>
</kw>
<kw name="Select From List By Index" library="SeleniumLibrary">
<arg>name=birthday_month</arg>
<arg>1</arg>
<doc>Selects options from selection list ``locator`` by ``indexes``.</doc>
<msg timestamp="20210326 21:48:01.803" level="INFO">Selecting options from selection list 'name=birthday_month' by index 1.</msg>
<status status="PASS" starttime="20210326 21:48:01.802" endtime="20210326 21:48:02.033"/>
</kw>
<kw name="Select From List By Value" library="SeleniumLibrary">
<arg>name=birthday_year</arg>
<arg>1990</arg>
<doc>Selects options from selection list ``locator`` by ``values``.</doc>
<msg timestamp="20210326 21:48:02.034" level="INFO">Selecting options from selection list 'name=birthday_year' by value 1990.</msg>
<status status="PASS" starttime="20210326 21:48:02.033" endtime="20210326 21:48:02.155"/>
</kw>
<status status="PASS" starttime="20210326 21:48:01.489" endtime="20210326 21:48:02.155"/>
</kw>
<kw name="Gender" library="SignUpFacebook">
<kw name="Wait Until Element Is Visible" library="SeleniumLibrary">
<arg>name=websubmit</arg>
<doc>Waits until the element ``locator`` is visible.</doc>
<status status="PASS" starttime="20210326 21:48:02.156" endtime="20210326 21:48:02.211"/>
</kw>
<kw name="Select Radio Button" library="SeleniumLibrary">
<arg>sex</arg>
<arg>-1</arg>
<doc>Sets the radio button group ``group_name`` to ``value``.</doc>
<msg timestamp="20210326 21:48:02.212" level="INFO">Selecting '-1' from radio button 'sex'.</msg>
<status status="PASS" starttime="20210326 21:48:02.211" endtime="20210326 21:48:02.364"/>
</kw>
<kw name="Wait Until Page Contains" library="SeleniumLibrary">
<arg>Your pronoun is visible to everyone.</arg>
<doc>Waits until ``text`` appears on the current page.</doc>
<status status="PASS" starttime="20210326 21:48:02.364" endtime="20210326 21:48:02.395"/>
</kw>
<kw name="Select From List By Value" library="SeleniumLibrary">
<arg>name=preferred_pronoun</arg>
<arg>2</arg>
<doc>Selects options from selection list ``locator`` by ``values``.</doc>
<msg timestamp="20210326 21:48:02.396" level="INFO">Selecting options from selection list 'name=preferred_pronoun' by value 2.</msg>
<status status="PASS" starttime="20210326 21:48:02.396" endtime="20210326 21:48:02.602"/>
</kw>
<kw name="Clear Element Text" library="SeleniumLibrary">
<arg>xpath=/html/body/div[1]/div[3]/div[1]/div/div/div[2]/div/div/div[1]/form/div[1]/div[8]/div[3]/div/input</arg>
<doc>Clears the value of the text-input-element identified by ``locator``.</doc>
<status status="PASS" starttime="20210326 21:48:02.603" endtime="20210326 21:48:02.670"/>
</kw>
<kw name="Input Text" library="SeleniumLibrary">
<arg>xpath=/html/body/div[1]/div[3]/div[1]/div/div/div[2]/div/div/div[1]/form/div[1]/div[8]/div[3]/div/input</arg>
<arg>robot Framework</arg>
<doc>Types the given ``text`` into the text field identified by ``locator``.</doc>
<msg timestamp="20210326 21:48:02.671" level="INFO">Typing text 'robot Framework' into text field 'xpath=/html/body/div[1]/div[3]/div[1]/div/div/div[2]/div/div/div[1]/form/div[1]/div[8]/div[3]/div/input'.</msg>
<status status="PASS" starttime="20210326 21:48:02.671" endtime="20210326 21:48:02.880"/>
</kw>
<kw name="Click Button" library="SeleniumLibrary">
<arg>name=websubmit</arg>
<doc>Clicks the button identified by ``locator``.</doc>
<msg timestamp="20210326 21:48:02.881" level="INFO">Clicking button 'name=websubmit'.</msg>
<status status="PASS" starttime="20210326 21:48:02.880" endtime="20210326 21:48:03.073"/>
</kw>
<status status="PASS" starttime="20210326 21:48:02.156" endtime="20210326 21:48:03.073"/>
</kw>
<status status="PASS" starttime="20210326 21:47:57.958" endtime="20210326 21:48:03.073"/>
</kw>
<status status="PASS" starttime="20210326 21:47:57.954" endtime="20210326 21:48:03.074"/>
</test>
<kw name="End web test" library="common" type="TEARDOWN">
<kw name="Close Browser" library="SeleniumLibrary">
<doc>Closes the current browser.</doc>
<status status="PASS" starttime="20210326 21:48:03.078" endtime="20210326 21:48:05.438"/>
</kw>
<status status="PASS" starttime="20210326 21:48:03.078" endtime="20210326 21:48:05.439"/>
</kw>
<doc>Registration Form Facebook</doc>
<status status="PASS" starttime="20210326 21:47:55.730" endtime="20210326 21:48:05.439"/>
</suite>
<status status="PASS" starttime="20210326 21:47:55.690" endtime="20210326 21:48:05.446"/>
</suite>
<statistics>
<total>
<stat pass="1" fail="0" skip="0">All Tests</stat>
</total>
<tag>
</tag>
<suite>
<stat pass="1" fail="0" skip="0" id="s1" name="Tests">Tests</stat>
<stat pass="1" fail="0" skip="0" id="s1-s1" name="Main">Tests.Main</stat>
</suite>
</statistics>
<errors>
</errors>
</robot>
